%!Adobe-FontList 1.20
%Locale:0x409

%BeginFont
Handler:DirectoryHandler
FontType:TrueType
FontName:ArialMT
FamilyName:Arial
StyleName:Regular
FullName:Arial
MenuName:Arial
StyleBits:0
WritingScript:Roman
OutlineFileName:C:\Users\Jon\Desktop\All Rules Rewrite\Rules Rewrite Version 2\Comprehensive Rules 1.3 Translation Fork\Document fonts\arial.ttf
DataFormat:sfntData
hasSVG:no
VariableFontType:NonVariableFont
FileLength:1036584
FileModTime:1523489648
WeightClass:400
WidthClass:5
AngleClass:0
NameArray:0,Mac,4,Arial
NameArray:0,Win,1,Arial
%EndFont

%BeginFont
Handler:DirectoryHandler
FontType:Type1
FontName:BirchStd
FamilyName:Birch Std
StyleName:Regular
FullName:Birch Std
MenuName:Birch Std
StyleBits:0
WritingScript:Roman
OutlineFileName:C:\Users\Jon\Desktop\All Rules Rewrite\Rules Rewrite Version 2\Comprehensive Rules 1.3 Translation Fork\Document fonts\BirchStd.otf
DataFormat:sfntData
UsesStandardEncoding:yes
isCFF:yes
hasSVG:no
VariableFontType:NonVariableFont
FileLength:38036
FileModTime:1361547482
WeightClass:400
WidthClass:5
AngleClass:0
DesignSize:360
NameArray:0,Mac,4,Birch Std
NameArray:0,Win,1,Birch Std
%EndFont

%BeginFont
Handler:DirectoryHandler
FontType:Type1
FontName:MinionPro-Regular
FamilyName:Minion Pro
StyleName:Regular
FullName:Minion Pro
MenuName:Minion Pro
StyleBits:0
WritingScript:Roman
OutlineFileName:C:\Users\Jon\Desktop\All Rules Rewrite\Rules Rewrite Version 2\Comprehensive Rules 1.3 Translation Fork\Document fonts\MinionPro-Regular.otf
DataFormat:sfntData
UsesStandardEncoding:yes
isCFF:yes
hasSVG:no
VariableFontType:NonVariableFont
FileLength:218640
FileModTime:1361549780
WeightClass:400
WidthClass:5
AngleClass:0
DesignSize:110
NameArray:0,Mac,4,Minion Pro
NameArray:0,Win,1,Minion Pro
%EndFont

%BeginFont
Handler:DirectoryHandler
FontType:TrueType
FontName:OpenSans-Bold
FamilyName:Open Sans
StyleName:Bold
FullName:Open Sans Bold
MenuName:Open Sans
StyleBits:2
WritingScript:Roman
OutlineFileName:C:\Users\Jon\Desktop\All Rules Rewrite\Rules Rewrite Version 2\Comprehensive Rules 1.3 Translation Fork\Document fonts\OpenSans-Bold.ttf
DataFormat:sfntData
hasSVG:no
VariableFontType:NonVariableFont
FileLength:224592
FileModTime:1476738570
WeightClass:700
WidthClass:5
AngleClass:0
NameArray:0,Mac,4,Open Sans Bold
NameArray:0,Win,1,Open Sans
%EndFont

%BeginFont
Handler:DirectoryHandler
FontType:TrueType
FontName:OpenSans-BoldItalic
FamilyName:Open Sans
StyleName:Bold Italic
FullName:Open Sans Bold Italic
MenuName:Open Sans
StyleBits:3
WritingScript:Roman
OutlineFileName:C:\Users\Jon\Desktop\All Rules Rewrite\Rules Rewrite Version 2\Comprehensive Rules 1.3 Translation Fork\Document fonts\OpenSans-BoldItalic.ttf
DataFormat:sfntData
hasSVG:no
VariableFontType:NonVariableFont
FileLength:213292
FileModTime:1476738570
WeightClass:700
WidthClass:5
AngleClass:1
NameArray:0,Mac,4,Open Sans Bold Italic
NameArray:0,Win,1,Open Sans
%EndFont

%BeginFont
Handler:DirectoryHandler
FontType:TrueType
FontName:OpenSans-Italic
FamilyName:Open Sans
StyleName:Italic
FullName:Open Sans Italic
MenuName:Open Sans
StyleBits:1
WritingScript:Roman
OutlineFileName:C:\Users\Jon\Desktop\All Rules Rewrite\Rules Rewrite Version 2\Comprehensive Rules 1.3 Translation Fork\Document fonts\OpenSans-Italic.ttf
DataFormat:sfntData
hasSVG:no
VariableFontType:NonVariableFont
FileLength:212896
FileModTime:1476738570
WeightClass:400
WidthClass:5
AngleClass:1
NameArray:0,Mac,4,Open Sans Italic
NameArray:0,Win,1,Open Sans
%EndFont

%BeginFont
Handler:DirectoryHandler
FontType:TrueType
FontName:OpenSans
FamilyName:Open Sans
StyleName:Regular
FullName:Open Sans
MenuName:Open Sans
StyleBits:0
WritingScript:Roman
OutlineFileName:C:\Users\Jon\Desktop\All Rules Rewrite\Rules Rewrite Version 2\Comprehensive Rules 1.3 Translation Fork\Document fonts\OpenSans-Regular.ttf
DataFormat:sfntData
hasSVG:no
VariableFontType:NonVariableFont
FileLength:217360
FileModTime:1476738570
WeightClass:400
WidthClass:5
AngleClass:0
NameArray:0,Mac,4,Open Sans
NameArray:0,Win,1,Open Sans
%EndFont

%BeginFont
Handler:DirectoryHandler
FontType:TrueType
FontName:PermanentMarker-Regular
FamilyName:Permanent Marker
StyleName:Regular
FullName:Permanent Marker Regular
MenuName:Permanent Marker
StyleBits:0
WritingScript:Roman
OutlineFileName:C:\Users\Jon\Desktop\All Rules Rewrite\Rules Rewrite Version 2\Comprehensive Rules 1.3 Translation Fork\Document fonts\PermanentMarker-Regular.ttf
DataFormat:sfntData
hasSVG:no
VariableFontType:NonVariableFont
FileLength:74632
FileModTime:1545975558
WeightClass:400
WidthClass:5
AngleClass:0
NameArray:0,Mac,4,Permanent Marker Regular
NameArray:0,Win,1,Permanent Marker
%EndFont

